TN:
SF:resources\js\pages\Home.vue
FN:33,(anonymous_1)
FNF:1
FNH:1
FNDA:2,(anonymous_1)
DA:34,2
LF:1
LH:1
BRF:0
BRH:0
end_of_record
TN:
SF:resources\js\pages\auth\Login.vue
FN:46,(anonymous_1)
FN:51,(anonymous_2)
FN:57,(anonymous_4)
FN:68,(anonymous_6)
FNF:4
FNH:3
FNDA:4,(anonymous_1)
FNDA:16,(anonymous_2)
FNDA:16,(anonymous_4)
FNDA:0,(anonymous_6)
DA:42,1
DA:47,4
DA:51,16
DA:57,16
DA:69,0
DA:71,0
DA:73,0
DA:78,0
LF:8
LH:4
BRDA:51,0,0,8
BRDA:51,0,1,6
BRDA:51,1,0,8
BRDA:51,1,1,2
BRDA:51,1,2,6
BRDA:57,2,0,16
BRDA:57,2,1,12
BRDA:69,3,0,0
BRDA:69,3,1,0
BRF:9
BRH:7
end_of_record
TN:
SF:resources\js\pages\auth\Register.vue
FN:54,(anonymous_1)
FN:60,(anonymous_2)
FN:67,(anonymous_4)
FN:78,(anonymous_6)
FNF:4
FNH:3
FNDA:4,(anonymous_1)
FNDA:32,(anonymous_2)
FNDA:16,(anonymous_4)
FNDA:0,(anonymous_6)
DA:50,1
DA:55,4
DA:60,32
DA:67,16
DA:79,0
DA:81,0
DA:83,0
DA:88,0
LF:8
LH:4
BRDA:60,0,0,16
BRDA:60,0,1,12
BRDA:60,1,0,16
BRDA:60,1,1,4
BRDA:60,1,2,4
BRDA:60,1,3,12
BRDA:67,2,0,16
BRDA:67,2,1,12
BRDA:79,3,0,0
BRDA:79,3,1,0
BRF:10
BRH:8
end_of_record
