TN:
SF:resources\js\pages\Home.vue
FN:33,(anonymous_1)
FNF:1
FNH:0
FNDA:0,(anonymous_1)
DA:34,0
LF:1
LH:0
BRF:0
BRH:0
end_of_record
TN:
SF:resources\js\pages\auth\Login.vue
FN:51,(anonymous_1)
FN:56,(anonymous_2)
FN:58,(anonymous_3)
FN:69,(anonymous_5)
FNF:4
FNH:0
FNDA:0,(anonymous_1)
FNDA:0,(anonymous_2)
FNDA:0,(anonymous_3)
FNDA:0,(anonymous_5)
DA:47,0
DA:52,0
DA:56,0
DA:58,0
DA:70,0
DA:72,0
DA:74,0
DA:79,0
DA:81,0
LF:9
LH:0
BRDA:56,0,0,0
BRDA:56,0,1,0
BRDA:58,1,0,0
BRDA:58,1,1,0
BRDA:70,2,0,0
BRDA:70,2,1,0
BRF:6
BRH:0
end_of_record
TN:
SF:resources\js\pages\auth\Register.vue
FN:59,(anonymous_1)
FN:65,(anonymous_2)
FN:69,(anonymous_3)
FN:76,(anonymous_5)
FN:83,(anonymous_7)
FN:94,(anonymous_8)
FNF:6
FNH:0
FNDA:0,(anonymous_1)
FNDA:0,(anonymous_2)
FNDA:0,(anonymous_3)
FNDA:0,(anonymous_5)
FNDA:0,(anonymous_7)
FNDA:0,(anonymous_8)
DA:55,0
DA:60,0
DA:65,0
DA:69,0
DA:76,0
DA:84,0
DA:95,0
DA:97,0
DA:99,0
DA:105,0
DA:107,0
LF:11
LH:0
BRDA:65,0,0,0
BRDA:65,0,1,0
BRDA:69,1,0,0
BRDA:69,1,1,0
BRDA:69,2,0,0
BRDA:69,2,1,0
BRDA:69,2,2,0
BRDA:76,3,0,0
BRDA:76,3,1,0
BRDA:84,4,0,0
BRDA:84,4,1,0
BRDA:95,5,0,0
BRDA:95,5,1,0
BRF:13
BRH:0
end_of_record
